<?xml version="1.0" encoding="UTF-8"?>
<!-- Generated by org.testng.reporters.JUnitReportReporter -->
<testsuite skipped="0" hostname="c1-gf-91" name="com.employeeapi.testCases.TC003_Create_Subscriber_JSON" tests="1" failures="0" timestamp="29 Nov 2019 10:39:20 GMT" time="7.580" errors="0">
  <testcase name="createSubscriber" time="7.580" classname="com.employeeapi.testCases.TC003_Create_Subscriber_JSON"/>
</testsuite> <!-- com.employeeapi.testCases.TC003_Create_Subscriber_JSON -->
