<?xml version="1.0" encoding="UTF-8"?>
<!-- Generated by org.testng.reporters.JUnitReportReporter -->
<testsuite skipped="0" hostname="c1-gf-91" name="com.employeeapi.testCases.TC002_Get_Single_Employee_Record" tests="1" failures="0" timestamp="28 Nov 2019 11:35:24 GMT" time="15.025" errors="0">
  <testcase name="getEmployeeData" time="15.025" classname="com.employeeapi.testCases.TC002_Get_Single_Employee_Record"/>
</testsuite> <!-- com.employeeapi.testCases.TC002_Get_Single_Employee_Record -->
